# JRE version: OpenJDK Runtime Environment (19.0.2+7) (build 19.0.2+7-44)
# Java VM: OpenJDK 64-Bit Server VM (19.0.2+7-44, mixed mode, sharing, tiered, compressed oops, compressed class ptrs, g1 gc, linux-amd64)
GC Precious Log:
 CardTable entry size: 512
 Card Set container configuration: InlinePtr #cards 4 size 8 Array Of Cards #cards 16 size 48 Howl #buckets 8 coarsen threshold 3686 Howl Bitmap #cards 512 size 80 coarsen threshold 460 Card regions per heap region 1 cards per card region 4096
 CPUs: 16 total, 16 available
 Memory: 15194M
 Large Page Support: Disabled
 NUMA Support: Disabled
 Compressed Oops: Enabled (Zero based)
 Heap Region Size: 2M
 Heap Min Capacity: 8M
 Heap Initial Capacity: 238M
 Heap Max Capacity: 3800M
 Pre-touch: Disabled
 Parallel Workers: 13
 Concurrent Workers: 3
 Concurrent Refinement Workers: 13
 Periodic GC: Disabled
Heap:
 garbage-first heap   total 69632K, used 49144K [0x0000000712800000, 0x0000000800000000)
  region size 2048K, 11 young (22528K), 1 survivors (2048K)
 Metaspace       used 36849K, committed 37248K, reserved 1114112K
  class space    used 4742K, committed 4928K, reserved 1048576K
GC Heap History (15 events):
Event: 0.285 GC heap before
{Heap before GC invocations=0 (full 0):
 garbage-first heap   total 247808K, used 22496K [0x0000000712800000, 0x0000000800000000)
  region size 2048K, 11 young (22528K), 0 survivors (0K)
 Metaspace       used 3960K, committed 4160K, reserved 1114112K
  class space    used 403K, committed 512K, reserved 1048576K
}
Event: 0.287 GC heap after
{Heap after GC invocations=1 (full 0):
 garbage-first heap   total 247808K, used 7134K [0x0000000712800000, 0x0000000800000000)
  region size 2048K, 2 young (4096K), 2 survivors (4096K)
 Metaspace       used 3960K, committed 4160K, reserved 1114112K
  class space    used 403K, committed 512K, reserved 1048576K
}
Event: 0.755 GC heap before
{Heap before GC invocations=1 (full 0):
 garbage-first heap   total 247808K, used 52190K [0x0000000712800000, 0x0000000800000000)
  region size 2048K, 24 young (49152K), 2 survivors (4096K)
 Metaspace       used 16949K, committed 17344K, reserved 1114112K
  class space    used 2499K, committed 2688K, reserved 1048576K
}
Event: 0.759 GC heap after
{Heap after GC invocations=2 (full 0):
 garbage-first heap   total 247808K, used 11393K [0x0000000712800000, 0x0000000800000000)
  region size 2048K, 3 young (6144K), 3 survivors (6144K)
 Metaspace       used 16949K, committed 17344K, reserved 1114112K
  class space    used 2499K, committed 2688K, reserved 1048576K
}
Event: 4.428 GC heap before
{Heap before GC invocations=2 (full 0):
 garbage-first heap   total 247808K, used 27777K [0x0000000712800000, 0x0000000800000000)
  region size 2048K, 11 young (22528K), 3 survivors (6144K)
 Metaspace       used 21211K, committed 21504K, reserved 1114112K
  class space    used 2887K, committed 3008K, reserved 1048576K
}
Event: 4.431 GC heap after
{Heap after GC invocations=3 (full 0):
 garbage-first heap   total 247808K, used 15262K [0x0000000712800000, 0x0000000800000000)
  region size 2048K, 3 young (6144K), 3 survivors (6144K)
 Metaspace       used 21211K, committed 21504K, reserved 1114112K
  class space    used 2887K, committed 3008K, reserved 1048576K
}
Event: 8.760 GC heap before
{Heap before GC invocations=4 (full 0):
 garbage-first heap   total 69632K, used 50078K [0x0000000712800000, 0x0000000800000000)
  region size 2048K, 20 young (40960K), 3 survivors (6144K)
 Metaspace       used 27765K, committed 28096K, reserved 1114112K
  class space    used 3710K, committed 3904K, reserved 1048576K
}
Event: 8.764 GC heap after
{Heap after GC invocations=5 (full 0):
 garbage-first heap   total 69632K, used 17732K [0x0000000712800000, 0x0000000800000000)
  region size 2048K, 3 young (6144K), 3 survivors (6144K)
 Metaspace       used 27765K, committed 28096K, reserved 1114112K
  class space    used 3710K, committed 3904K, reserved 1048576K
}
Event: 8.779 GC heap before
{Heap before GC invocations=5 (full 0):
 garbage-first heap   total 69632K, used 19780K [0x0000000712800000, 0x0000000800000000)
  region size 2048K, 4 young (8192K), 3 survivors (6144K)
 Metaspace       used 28303K, committed 28672K, reserved 1114112K
  class space    used 3759K, committed 3904K, reserved 1048576K
}
Event: 8.781 GC heap after
{Heap after GC invocations=6 (full 0):
 garbage-first heap   total 69632K, used 18138K [0x0000000712800000, 0x0000000800000000)
  region size 2048K, 1 young (2048K), 1 survivors (2048K)
 Metaspace       used 28303K, committed 28672K, reserved 1114112K
  class space    used 3759K, committed 3904K, reserved 1048576K
}
Event: 10.329 GC heap before
{Heap before GC invocations=6 (full 0):
 garbage-first heap   total 69632K, used 44762K [0x0000000712800000, 0x0000000800000000)
  region size 2048K, 13 young (26624K), 1 survivors (2048K)
 Metaspace       used 34246K, committed 34688K, reserved 1114112K
  class space    used 4584K, committed 4800K, reserved 1048576K
}
Event: 10.332 GC heap after
{Heap after GC invocations=7 (full 0):
 garbage-first heap   total 69632K, used 21298K [0x0000000712800000, 0x0000000800000000)
  region size 2048K, 1 young (2048K), 1 survivors (2048K)
 Metaspace       used 34246K, committed 34688K, reserved 1114112K
  class space    used 4584K, committed 4800K, reserved 1048576K
}
Event: 12.457 GC heap before
{Heap before GC invocations=7 (full 0):
 garbage-first heap   total 69632K, used 43826K [0x0000000712800000, 0x0000000800000000)
  region size 2048K, 12 young (24576K), 1 survivors (2048K)
 Metaspace       used 35746K, committed 36160K, reserved 1114112K
  class space    used 4690K, committed 4864K, reserved 1048576K
}
Event: 12.459 GC heap after
{Heap after GC invocations=8 (full 0):
 garbage-first heap   total 69632K, used 26616K [0x0000000712800000, 0x0000000800000000)
  region size 2048K, 2 young (4096K), 2 survivors (4096K)
 Metaspace       used 35746K, committed 36160K, reserved 1114112K
  class space    used 4690K, committed 4864K, reserved 1048576K
}
Event: 16.930 GC heap before
{Heap before GC invocations=9 (full 0):
 garbage-first heap   total 69632K, used 47096K [0x0000000712800000, 0x0000000800000000)
  region size 2048K, 12 young (24576K), 2 survivors (4096K)
 Metaspace       used 36849K, committed 37248K, reserved 1114112K
  class space    used 4742K, committed 4928K, reserved 1048576K
}

