# JRE version: OpenJDK Runtime Environment (19.0.2+7) (build 19.0.2+7-44)
# Java VM: OpenJDK 64-Bit Server VM (19.0.2+7-44, mixed mode, sharing, tiered, compressed oops, compressed class ptrs, g1 gc, linux-amd64)
GC Precious Log:
 CardTable entry size: 512
 Card Set container configuration: InlinePtr #cards 4 size 8 Array Of Cards #cards 16 size 48 Howl #buckets 8 coarsen threshold 3686 Howl Bitmap #cards 512 size 80 coarsen threshold 460 Card regions per heap region 1 cards per card region 4096
 CPUs: 16 total, 16 available
 Memory: 15194M
 Large Page Support: Disabled
 NUMA Support: Disabled
 Compressed Oops: Enabled (Zero based)
 Heap Region Size: 2M
 Heap Min Capacity: 8M
 Heap Initial Capacity: 238M
 Heap Max Capacity: 3800M
 Pre-touch: Disabled
 Parallel Workers: 13
 Concurrent Workers: 3
 Concurrent Refinement Workers: 13
 Periodic GC: Disabled
Heap:
 garbage-first heap   total 69632K, used 49380K [0x0000000712800000, 0x0000000800000000)
  region size 2048K, 12 young (24576K), 1 survivors (2048K)
 Metaspace       used 36836K, committed 37312K, reserved 1114112K
  class space    used 4734K, committed 4928K, reserved 1048576K
GC Heap History (15 events):
Event: 0.256 GC heap before
{Heap before GC invocations=0 (full 0):
 garbage-first heap   total 247808K, used 22496K [0x0000000712800000, 0x0000000800000000)
  region size 2048K, 11 young (22528K), 0 survivors (0K)
 Metaspace       used 3617K, committed 3776K, reserved 1114112K
  class space    used 366K, committed 448K, reserved 1048576K
}
Event: 0.258 GC heap after
{Heap after GC invocations=1 (full 0):
 garbage-first heap   total 247808K, used 7321K [0x0000000712800000, 0x0000000800000000)
  region size 2048K, 2 young (4096K), 2 survivors (4096K)
 Metaspace       used 3617K, committed 3776K, reserved 1114112K
  class space    used 366K, committed 448K, reserved 1048576K
}
Event: 0.648 GC heap before
{Heap before GC invocations=1 (full 0):
 garbage-first heap   total 247808K, used 48281K [0x0000000712800000, 0x0000000800000000)
  region size 2048K, 23 young (47104K), 2 survivors (4096K)
 Metaspace       used 16227K, committed 16576K, reserved 1114112K
  class space    used 2406K, committed 2560K, reserved 1048576K
}
Event: 0.651 GC heap after
{Heap after GC invocations=2 (full 0):
 garbage-first heap   total 247808K, used 11335K [0x0000000712800000, 0x0000000800000000)
  region size 2048K, 2 young (4096K), 2 survivors (4096K)
 Metaspace       used 16227K, committed 16576K, reserved 1114112K
  class space    used 2406K, committed 2560K, reserved 1048576K
}
Event: 4.837 GC heap before
{Heap before GC invocations=2 (full 0):
 garbage-first heap   total 247808K, used 29767K [0x0000000712800000, 0x0000000800000000)
  region size 2048K, 11 young (22528K), 2 survivors (4096K)
 Metaspace       used 21211K, committed 21504K, reserved 1114112K
  class space    used 2885K, committed 3008K, reserved 1048576K
}
Event: 4.839 GC heap after
{Heap after GC invocations=3 (full 0):
 garbage-first heap   total 247808K, used 15221K [0x0000000712800000, 0x0000000800000000)
  region size 2048K, 3 young (6144K), 3 survivors (6144K)
 Metaspace       used 21211K, committed 21504K, reserved 1114112K
  class space    used 2885K, committed 3008K, reserved 1048576K
}
Event: 10.108 GC heap before
{Heap before GC invocations=4 (full 0):
 garbage-first heap   total 69632K, used 50037K [0x0000000712800000, 0x0000000800000000)
  region size 2048K, 20 young (40960K), 3 survivors (6144K)
 Metaspace       used 28034K, committed 28352K, reserved 1114112K
  class space    used 3731K, committed 3904K, reserved 1048576K
}
Event: 10.114 GC heap after
{Heap after GC invocations=5 (full 0):
 garbage-first heap   total 69632K, used 17756K [0x0000000712800000, 0x0000000800000000)
  region size 2048K, 3 young (6144K), 3 survivors (6144K)
 Metaspace       used 28034K, committed 28352K, reserved 1114112K
  class space    used 3731K, committed 3904K, reserved 1048576K
}
Event: 10.129 GC heap before
{Heap before GC invocations=5 (full 0):
 garbage-first heap   total 69632K, used 19804K [0x0000000712800000, 0x0000000800000000)
  region size 2048K, 4 young (8192K), 3 survivors (6144K)
 Metaspace       used 28594K, committed 28992K, reserved 1114112K
  class space    used 3776K, committed 3968K, reserved 1048576K
}
Event: 10.131 GC heap after
{Heap after GC invocations=6 (full 0):
 garbage-first heap   total 69632K, used 18511K [0x0000000712800000, 0x0000000800000000)
  region size 2048K, 1 young (2048K), 1 survivors (2048K)
 Metaspace       used 28594K, committed 28992K, reserved 1114112K
  class space    used 3776K, committed 3968K, reserved 1048576K
}
Event: 11.695 GC heap before
{Heap before GC invocations=6 (full 0):
 garbage-first heap   total 69632K, used 47183K [0x0000000712800000, 0x0000000800000000)
  region size 2048K, 14 young (28672K), 1 survivors (2048K)
 Metaspace       used 34487K, committed 34880K, reserved 1114112K
  class space    used 4592K, committed 4800K, reserved 1048576K
}
Event: 11.696 GC heap after
{Heap after GC invocations=7 (full 0):
 garbage-first heap   total 69632K, used 22192K [0x0000000712800000, 0x0000000800000000)
  region size 2048K, 2 young (4096K), 2 survivors (4096K)
 Metaspace       used 34487K, committed 34880K, reserved 1114112K
  class space    used 4592K, committed 4800K, reserved 1048576K
}
Event: 15.069 GC heap before
{Heap before GC invocations=7 (full 0):
 garbage-first heap   total 69632K, used 34480K [0x0000000712800000, 0x0000000800000000)
  region size 2048K, 10 young (20480K), 2 survivors (4096K)
 Metaspace       used 35744K, committed 36160K, reserved 1114112K
  class space    used 4628K, committed 4864K, reserved 1048576K
}
Event: 15.071 GC heap after
{Heap after GC invocations=8 (full 0):
 garbage-first heap   total 69632K, used 24804K [0x0000000712800000, 0x0000000800000000)
  region size 2048K, 2 young (4096K), 2 survivors (4096K)
 Metaspace       used 35744K, committed 36160K, reserved 1114112K
  class space    used 4628K, committed 4864K, reserved 1048576K
}
Event: 18.905 GC heap before
{Heap before GC invocations=9 (full 0):
 garbage-first heap   total 69632K, used 49380K [0x0000000712800000, 0x0000000800000000)
  region size 2048K, 13 young (26624K), 2 survivors (4096K)
 Metaspace       used 36836K, committed 37312K, reserved 1114112K
  class space    used 4734K, committed 4928K, reserved 1048576K
}

